{"/Users/divyankasalona/Documents/github/FEC/Graph/client/src/App.jsx": {"path":"/Users/divyankasalona/Documents/github/FEC/Graph/client/src/App.jsx","statementMap":{"0":{"start":{"line":11,"column":8},"end":{"line":11,"column":16}},"1":{"start":{"line":12,"column":8},"end":{"line":12,"column":53}},"2":{"start":{"line":14,"column":19},"end":{"line":14,"column":21}},"3":{"start":{"line":15,"column":19},"end":{"line":15,"column":20}},"4":{"start":{"line":17,"column":8},"end":{"line":20,"column":9}},"5":{"start":{"line":17,"column":20},"end":{"line":17,"column":21}},"6":{"start":{"line":18,"column":12},"end":{"line":18,"column":44}},"7":{"start":{"line":18,"column":32},"end":{"line":18,"column":42}},"8":{"start":{"line":19,"column":12},"end":{"line":19,"column":94}},"9":{"start":{"line":22,"column":8},"end":{"line":26,"column":10}},"10":{"start":{"line":31,"column":8},"end":{"line":43,"column":10}},"11":{"start":{"line":32,"column":12},"end":{"line":32,"column":31}},"12":{"start":{"line":35,"column":12},"end":{"line":37,"column":13}},"13":{"start":{"line":36,"column":16},"end":{"line":36,"column":50}},"14":{"start":{"line":38,"column":12},"end":{"line":38,"column":30}},"15":{"start":{"line":39,"column":12},"end":{"line":42,"column":15}},"16":{"start":{"line":51,"column":19},"end":{"line":51,"column":36}},"17":{"start":{"line":52,"column":8},"end":{"line":55,"column":10}},"18":{"start":{"line":59,"column":20},"end":{"line":59,"column":32}},"19":{"start":{"line":60,"column":19},"end":{"line":67,"column":9}},"20":{"start":{"line":68,"column":18},"end":{"line":79,"column":9}},"21":{"start":{"line":74,"column":19},"end":{"line":77,"column":9}},"22":{"start":{"line":81,"column":8},"end":{"line":99,"column":9}}},"fnMap":{"0":{"name":"(anonymous_0)","decl":{"start":{"line":10,"column":4},"end":{"line":10,"column":5}},"loc":{"start":{"line":10,"column":18},"end":{"line":27,"column":5}},"line":10},"1":{"name":"(anonymous_1)","decl":{"start":{"line":29,"column":4},"end":{"line":29,"column":5}},"loc":{"start":{"line":29,"column":24},"end":{"line":44,"column":5}},"line":29},"2":{"name":"(anonymous_2)","decl":{"start":{"line":31,"column":56},"end":{"line":31,"column":57}},"loc":{"start":{"line":31,"column":66},"end":{"line":33,"column":9}},"line":31},"3":{"name":"(anonymous_3)","decl":{"start":{"line":34,"column":15},"end":{"line":34,"column":16}},"loc":{"start":{"line":34,"column":25},"end":{"line":43,"column":9}},"line":34},"4":{"name":"(anonymous_4)","decl":{"start":{"line":46,"column":4},"end":{"line":46,"column":5}},"loc":{"start":{"line":46,"column":17},"end":{"line":48,"column":5}},"line":46},"5":{"name":"(anonymous_5)","decl":{"start":{"line":50,"column":4},"end":{"line":50,"column":5}},"loc":{"start":{"line":50,"column":17},"end":{"line":56,"column":5}},"line":50},"6":{"name":"(anonymous_6)","decl":{"start":{"line":58,"column":4},"end":{"line":58,"column":5}},"loc":{"start":{"line":58,"column":13},"end":{"line":100,"column":5}},"line":58},"7":{"name":"(anonymous_7)","decl":{"start":{"line":74,"column":10},"end":{"line":74,"column":11}},"loc":{"start":{"line":74,"column":19},"end":{"line":77,"column":9}},"line":74}},"branchMap":{"0":{"loc":{"start":{"line":18,"column":12},"end":{"line":18,"column":44}},"type":"if","locations":[{"start":{"line":18,"column":12},"end":{"line":18,"column":44}},{"start":{"line":18,"column":12},"end":{"line":18,"column":44}}],"line":18},"1":{"loc":{"start":{"line":74,"column":19},"end":{"line":77,"column":9}},"type":"binary-expr","locations":[{"start":{"line":74,"column":19},"end":{"line":74,"column":32}},{"start":{"line":74,"column":36},"end":{"line":77,"column":9}}],"line":74}},"s":{"0":1,"1":1,"2":1,"3":1,"4":1,"5":1,"6":99,"7":8,"8":99,"9":1,"10":1,"11":0,"12":0,"13":0,"14":0,"15":0,"16":0,"17":0,"18":1,"19":1,"20":1,"21":0,"22":1},"f":{"0":1,"1":1,"2":0,"3":0,"4":0,"5":0,"6":1,"7":0},"b":{"0":[8,91],"1":[0,0]},"_coverageSchema":"43e27e138ebf9cfc5966b082cf9a028302ed4184","hash":"43a8fe09bbd7e6f827d181ac2e7a602996184015"}
,"/Users/divyankasalona/Documents/github/FEC/Graph/client/src/Graph.jsx": {"path":"/Users/divyankasalona/Documents/github/FEC/Graph/client/src/Graph.jsx","statementMap":{"0":{"start":{"line":7,"column":8},"end":{"line":7,"column":21}},"1":{"start":{"line":9,"column":24},"end":{"line":9,"column":27}},"2":{"start":{"line":10,"column":25},"end":{"line":10,"column":28}},"3":{"start":{"line":11,"column":21},"end":{"line":11,"column":61}},"4":{"start":{"line":12,"column":20},"end":{"line":12,"column":58}},"5":{"start":{"line":13,"column":21},"end":{"line":13,"column":60}},"6":{"start":{"line":15,"column":8},"end":{"line":15,"column":29}},"7":{"start":{"line":16,"column":8},"end":{"line":16,"column":37}},"8":{"start":{"line":17,"column":8},"end":{"line":17,"column":35}},"9":{"start":{"line":18,"column":8},"end":{"line":18,"column":27}},"10":{"start":{"line":19,"column":8},"end":{"line":19,"column":29}},"11":{"start":{"line":20,"column":8},"end":{"line":20,"column":55}},"12":{"start":{"line":21,"column":8},"end":{"line":21,"column":55}},"13":{"start":{"line":22,"column":8},"end":{"line":22,"column":51}},"14":{"start":{"line":29,"column":16},"end":{"line":29,"column":58}},"15":{"start":{"line":30,"column":16},"end":{"line":30,"column":61}},"16":{"start":{"line":32,"column":19},"end":{"line":32,"column":101}},"17":{"start":{"line":32,"column":45},"end":{"line":32,"column":61}},"18":{"start":{"line":32,"column":81},"end":{"line":32,"column":98}},"19":{"start":{"line":33,"column":8},"end":{"line":33,"column":76}},"20":{"start":{"line":33,"column":58},"end":{"line":33,"column":71}},"21":{"start":{"line":34,"column":8},"end":{"line":34,"column":77}},"22":{"start":{"line":34,"column":58},"end":{"line":34,"column":72}},"23":{"start":{"line":36,"column":8},"end":{"line":36,"column":20}},"24":{"start":{"line":41,"column":18},"end":{"line":41,"column":96}},"25":{"start":{"line":42,"column":16},"end":{"line":42,"column":113}},"26":{"start":{"line":44,"column":16},"end":{"line":44,"column":58}},"27":{"start":{"line":45,"column":16},"end":{"line":45,"column":61}},"28":{"start":{"line":46,"column":8},"end":{"line":46,"column":76}},"29":{"start":{"line":46,"column":58},"end":{"line":46,"column":71}},"30":{"start":{"line":47,"column":8},"end":{"line":47,"column":77}},"31":{"start":{"line":47,"column":58},"end":{"line":47,"column":72}},"32":{"start":{"line":49,"column":19},"end":{"line":49,"column":35}},"33":{"start":{"line":53,"column":25},"end":{"line":53,"column":29}},"34":{"start":{"line":54,"column":8},"end":{"line":54,"column":189}},"35":{"start":{"line":55,"column":8},"end":{"line":55,"column":207}},"36":{"start":{"line":58,"column":20},"end":{"line":60,"column":37}},"37":{"start":{"line":62,"column":8},"end":{"line":65,"column":37}},"38":{"start":{"line":67,"column":8},"end":{"line":70,"column":36}},"39":{"start":{"line":72,"column":8},"end":{"line":73,"column":28}},"40":{"start":{"line":75,"column":8},"end":{"line":77,"column":33}},"41":{"start":{"line":80,"column":12},"end":{"line":87,"column":40}},"42":{"start":{"line":85,"column":42},"end":{"line":85,"column":71}},"43":{"start":{"line":86,"column":41},"end":{"line":86,"column":72}},"44":{"start":{"line":89,"column":29},"end":{"line":89,"column":77}},"45":{"start":{"line":89,"column":55},"end":{"line":89,"column":69}},"46":{"start":{"line":90,"column":26},"end":{"line":90,"column":30}},"47":{"start":{"line":92,"column":27},"end":{"line":92,"column":45}},"48":{"start":{"line":93,"column":25},"end":{"line":93,"column":52}},"49":{"start":{"line":94,"column":20},"end":{"line":94,"column":43}},"50":{"start":{"line":95,"column":21},"end":{"line":95,"column":32}},"51":{"start":{"line":96,"column":21},"end":{"line":96,"column":28}},"52":{"start":{"line":97,"column":20},"end":{"line":97,"column":57}},"53":{"start":{"line":98,"column":16},"end":{"line":98,"column":91}},"54":{"start":{"line":99,"column":16},"end":{"line":99,"column":165}},"55":{"start":{"line":99,"column":55},"end":{"line":99,"column":161}},"56":{"start":{"line":100,"column":16},"end":{"line":100,"column":46}},"57":{"start":{"line":101,"column":16},"end":{"line":101,"column":86}},"58":{"start":{"line":102,"column":16},"end":{"line":102,"column":88}},"59":{"start":{"line":110,"column":16},"end":{"line":110,"column":43}},"60":{"start":{"line":111,"column":19},"end":{"line":111,"column":35}},"61":{"start":{"line":112,"column":8},"end":{"line":112,"column":58}},"62":{"start":{"line":117,"column":8},"end":{"line":122,"column":9}},"63":{"start":{"line":118,"column":12},"end":{"line":118,"column":24}},"64":{"start":{"line":119,"column":15},"end":{"line":122,"column":9}},"65":{"start":{"line":120,"column":12},"end":{"line":120,"column":31}},"66":{"start":{"line":121,"column":12},"end":{"line":121,"column":24}},"67":{"start":{"line":123,"column":8},"end":{"line":123,"column":27}},"68":{"start":{"line":124,"column":8},"end":{"line":124,"column":20}}},"fnMap":{"0":{"name":"(anonymous_0)","decl":{"start":{"line":6,"column":4},"end":{"line":6,"column":5}},"loc":{"start":{"line":6,"column":23},"end":{"line":24,"column":5}},"line":6},"1":{"name":"(anonymous_1)","decl":{"start":{"line":26,"column":4},"end":{"line":26,"column":5}},"loc":{"start":{"line":26,"column":16},"end":{"line":37,"column":5}},"line":26},"2":{"name":"(anonymous_2)","decl":{"start":{"line":32,"column":31},"end":{"line":32,"column":32}},"loc":{"start":{"line":32,"column":43},"end":{"line":32,"column":63}},"line":32},"3":{"name":"(anonymous_3)","decl":{"start":{"line":32,"column":67},"end":{"line":32,"column":68}},"loc":{"start":{"line":32,"column":79},"end":{"line":32,"column":100}},"line":32},"4":{"name":"(anonymous_4)","decl":{"start":{"line":33,"column":44},"end":{"line":33,"column":45}},"loc":{"start":{"line":33,"column":56},"end":{"line":33,"column":73}},"line":33},"5":{"name":"(anonymous_5)","decl":{"start":{"line":34,"column":44},"end":{"line":34,"column":45}},"loc":{"start":{"line":34,"column":56},"end":{"line":34,"column":74}},"line":34},"6":{"name":"(anonymous_6)","decl":{"start":{"line":39,"column":4},"end":{"line":39,"column":5}},"loc":{"start":{"line":39,"column":18},"end":{"line":107,"column":5}},"line":39},"7":{"name":"(anonymous_7)","decl":{"start":{"line":46,"column":44},"end":{"line":46,"column":45}},"loc":{"start":{"line":46,"column":56},"end":{"line":46,"column":73}},"line":46},"8":{"name":"(anonymous_8)","decl":{"start":{"line":47,"column":44},"end":{"line":47,"column":45}},"loc":{"start":{"line":47,"column":56},"end":{"line":47,"column":74}},"line":47},"9":{"name":"(anonymous_9)","decl":{"start":{"line":85,"column":29},"end":{"line":85,"column":30}},"loc":{"start":{"line":85,"column":40},"end":{"line":85,"column":73}},"line":85},"10":{"name":"(anonymous_10)","decl":{"start":{"line":86,"column":28},"end":{"line":86,"column":29}},"loc":{"start":{"line":86,"column":39},"end":{"line":86,"column":74}},"line":86},"11":{"name":"(anonymous_11)","decl":{"start":{"line":89,"column":41},"end":{"line":89,"column":42}},"loc":{"start":{"line":89,"column":53},"end":{"line":89,"column":71}},"line":89},"12":{"name":"mousemove","decl":{"start":{"line":91,"column":21},"end":{"line":91,"column":30}},"loc":{"start":{"line":91,"column":33},"end":{"line":103,"column":13}},"line":91},"13":{"name":"(anonymous_13)","decl":{"start":{"line":99,"column":42},"end":{"line":99,"column":43}},"loc":{"start":{"line":99,"column":53},"end":{"line":99,"column":163}},"line":99},"14":{"name":"(anonymous_14)","decl":{"start":{"line":109,"column":4},"end":{"line":109,"column":5}},"loc":{"start":{"line":109,"column":18},"end":{"line":113,"column":5}},"line":109},"15":{"name":"(anonymous_15)","decl":{"start":{"line":116,"column":4},"end":{"line":116,"column":5}},"loc":{"start":{"line":116,"column":13},"end":{"line":125,"column":5}},"line":116}},"branchMap":{"0":{"loc":{"start":{"line":97,"column":20},"end":{"line":97,"column":57}},"type":"cond-expr","locations":[{"start":{"line":97,"column":50},"end":{"line":97,"column":52}},{"start":{"line":97,"column":55},"end":{"line":97,"column":57}}],"line":97},"1":{"loc":{"start":{"line":99,"column":112},"end":{"line":99,"column":158}},"type":"cond-expr","locations":[{"start":{"line":99,"column":140},"end":{"line":99,"column":148}},{"start":{"line":99,"column":150},"end":{"line":99,"column":158}}],"line":99},"2":{"loc":{"start":{"line":117,"column":8},"end":{"line":122,"column":9}},"type":"if","locations":[{"start":{"line":117,"column":8},"end":{"line":122,"column":9}},{"start":{"line":117,"column":8},"end":{"line":122,"column":9}}],"line":117},"3":{"loc":{"start":{"line":119,"column":15},"end":{"line":122,"column":9}},"type":"if","locations":[{"start":{"line":119,"column":15},"end":{"line":122,"column":9}},{"start":{"line":119,"column":15},"end":{"line":122,"column":9}}],"line":119}},"s":{"0":0,"1":0,"2":0,"3":0,"4":0,"5":0,"6":0,"7":0,"8":0,"9":0,"10":0,"11":0,"12":0,"13":0,"14":0,"15":0,"16":0,"17":0,"18":0,"19":0,"20":0,"21":0,"22":0,"23":0,"24":0,"25":0,"26":0,"27":0,"28":0,"29":0,"30":0,"31":0,"32":0,"33":0,"34":0,"35":0,"36":0,"37":0,"38":0,"39":0,"40":0,"41":0,"42":0,"43":0,"44":0,"45":0,"46":0,"47":0,"48":0,"49":0,"50":0,"51":0,"52":0,"53":0,"54":0,"55":0,"56":0,"57":0,"58":0,"59":0,"60":0,"61":0,"62":0,"63":0,"64":0,"65":0,"66":0,"67":0,"68":0},"f":{"0":0,"1":0,"2":0,"3":0,"4":0,"5":0,"6":0,"7":0,"8":0,"9":0,"10":0,"11":0,"12":0,"13":0,"14":0,"15":0},"b":{"0":[0,0],"1":[0,0],"2":[0,0],"3":[0,0]},"_coverageSchema":"43e27e138ebf9cfc5966b082cf9a028302ed4184","hash":"e0291bc8b96669727b4a79e431aae4fc37e4cf6a"}
}
