{"/Users/divyankasalona/Documents/github/FEC/Graph/client/src/App.jsx": {"path":"/Users/divyankasalona/Documents/github/FEC/Graph/client/src/App.jsx","statementMap":{"0":{"start":{"line":12,"column":8},"end":{"line":12,"column":16}},"1":{"start":{"line":13,"column":8},"end":{"line":13,"column":53}},"2":{"start":{"line":15,"column":8},"end":{"line":20,"column":10}},"3":{"start":{"line":24,"column":8},"end":{"line":44,"column":14}},"4":{"start":{"line":25,"column":12},"end":{"line":25,"column":31}},"5":{"start":{"line":28,"column":28},"end":{"line":28,"column":38}},"6":{"start":{"line":29,"column":16},"end":{"line":31,"column":17}},"7":{"start":{"line":30,"column":20},"end":{"line":30,"column":54}},"8":{"start":{"line":32,"column":16},"end":{"line":34,"column":17}},"9":{"start":{"line":33,"column":20},"end":{"line":33,"column":54}},"10":{"start":{"line":35,"column":30},"end":{"line":37,"column":18}},"11":{"start":{"line":36,"column":20},"end":{"line":36,"column":82}},"12":{"start":{"line":38,"column":16},"end":{"line":38,"column":37}},"13":{"start":{"line":39,"column":16},"end":{"line":43,"column":19}},"14":{"start":{"line":48,"column":19},"end":{"line":48,"column":38}},"15":{"start":{"line":49,"column":20},"end":{"line":49,"column":30}},"16":{"start":{"line":50,"column":8},"end":{"line":52,"column":9}},"17":{"start":{"line":51,"column":12},"end":{"line":51,"column":46}},"18":{"start":{"line":53,"column":24},"end":{"line":53,"column":26}},"19":{"start":{"line":55,"column":8},"end":{"line":102,"column":9}},"20":{"start":{"line":57,"column":16},"end":{"line":59,"column":19}},"21":{"start":{"line":58,"column":20},"end":{"line":58,"column":82}},"22":{"start":{"line":60,"column":16},"end":{"line":60,"column":22}},"23":{"start":{"line":62,"column":16},"end":{"line":67,"column":19}},"24":{"start":{"line":63,"column":34},"end":{"line":63,"column":44}},"25":{"start":{"line":64,"column":20},"end":{"line":64,"column":57}},"26":{"start":{"line":65,"column":20},"end":{"line":66,"column":79}},"27":{"start":{"line":68,"column":16},"end":{"line":68,"column":22}},"28":{"start":{"line":70,"column":16},"end":{"line":75,"column":19}},"29":{"start":{"line":71,"column":35},"end":{"line":71,"column":45}},"30":{"start":{"line":72,"column":20},"end":{"line":72,"column":59}},"31":{"start":{"line":73,"column":20},"end":{"line":74,"column":80}},"32":{"start":{"line":76,"column":16},"end":{"line":76,"column":22}},"33":{"start":{"line":78,"column":16},"end":{"line":83,"column":19}},"34":{"start":{"line":79,"column":40},"end":{"line":79,"column":50}},"35":{"start":{"line":80,"column":20},"end":{"line":80,"column":64}},"36":{"start":{"line":81,"column":20},"end":{"line":82,"column":85}},"37":{"start":{"line":84,"column":16},"end":{"line":84,"column":22}},"38":{"start":{"line":86,"column":16},"end":{"line":91,"column":19}},"39":{"start":{"line":87,"column":34},"end":{"line":87,"column":44}},"40":{"start":{"line":88,"column":20},"end":{"line":88,"column":58}},"41":{"start":{"line":89,"column":20},"end":{"line":90,"column":79}},"42":{"start":{"line":92,"column":16},"end":{"line":92,"column":22}},"43":{"start":{"line":94,"column":16},"end":{"line":99,"column":19}},"44":{"start":{"line":95,"column":34},"end":{"line":95,"column":44}},"45":{"start":{"line":96,"column":20},"end":{"line":96,"column":58}},"46":{"start":{"line":97,"column":20},"end":{"line":98,"column":79}},"47":{"start":{"line":100,"column":16},"end":{"line":100,"column":22}},"48":{"start":{"line":103,"column":8},"end":{"line":106,"column":10}},"49":{"start":{"line":110,"column":20},"end":{"line":110,"column":32}},"50":{"start":{"line":111,"column":19},"end":{"line":118,"column":9}},"51":{"start":{"line":119,"column":18},"end":{"line":130,"column":9}},"52":{"start":{"line":125,"column":19},"end":{"line":128,"column":9}},"53":{"start":{"line":132,"column":8},"end":{"line":150,"column":9}},"54":{"start":{"line":142,"column":55},"end":{"line":142,"column":75}},"55":{"start":{"line":143,"column":47},"end":{"line":143,"column":67}},"56":{"start":{"line":144,"column":47},"end":{"line":144,"column":67}},"57":{"start":{"line":145,"column":47},"end":{"line":145,"column":68}},"58":{"start":{"line":146,"column":47},"end":{"line":146,"column":67}},"59":{"start":{"line":147,"column":47},"end":{"line":147,"column":68}}},"fnMap":{"0":{"name":"(anonymous_0)","decl":{"start":{"line":11,"column":4},"end":{"line":11,"column":5}},"loc":{"start":{"line":11,"column":18},"end":{"line":21,"column":5}},"line":11},"1":{"name":"(anonymous_1)","decl":{"start":{"line":23,"column":4},"end":{"line":23,"column":5}},"loc":{"start":{"line":23,"column":24},"end":{"line":45,"column":5}},"line":23},"2":{"name":"(anonymous_2)","decl":{"start":{"line":24,"column":55},"end":{"line":24,"column":56}},"loc":{"start":{"line":24,"column":65},"end":{"line":26,"column":9}},"line":24},"3":{"name":"(anonymous_3)","decl":{"start":{"line":27,"column":18},"end":{"line":27,"column":19}},"loc":{"start":{"line":27,"column":28},"end":{"line":44,"column":13}},"line":27},"4":{"name":"(anonymous_4)","decl":{"start":{"line":35,"column":45},"end":{"line":35,"column":46}},"loc":{"start":{"line":35,"column":61},"end":{"line":37,"column":17}},"line":35},"5":{"name":"(anonymous_5)","decl":{"start":{"line":47,"column":4},"end":{"line":47,"column":5}},"loc":{"start":{"line":47,"column":26},"end":{"line":107,"column":5}},"line":47},"6":{"name":"(anonymous_6)","decl":{"start":{"line":57,"column":40},"end":{"line":57,"column":41}},"loc":{"start":{"line":57,"column":56},"end":{"line":59,"column":17}},"line":57},"7":{"name":"(anonymous_7)","decl":{"start":{"line":62,"column":40},"end":{"line":62,"column":41}},"loc":{"start":{"line":62,"column":56},"end":{"line":67,"column":17}},"line":62},"8":{"name":"(anonymous_8)","decl":{"start":{"line":70,"column":40},"end":{"line":70,"column":41}},"loc":{"start":{"line":70,"column":56},"end":{"line":75,"column":17}},"line":70},"9":{"name":"(anonymous_9)","decl":{"start":{"line":78,"column":40},"end":{"line":78,"column":41}},"loc":{"start":{"line":78,"column":56},"end":{"line":83,"column":17}},"line":78},"10":{"name":"(anonymous_10)","decl":{"start":{"line":86,"column":40},"end":{"line":86,"column":41}},"loc":{"start":{"line":86,"column":56},"end":{"line":91,"column":17}},"line":86},"11":{"name":"(anonymous_11)","decl":{"start":{"line":94,"column":40},"end":{"line":94,"column":41}},"loc":{"start":{"line":94,"column":56},"end":{"line":99,"column":17}},"line":94},"12":{"name":"(anonymous_12)","decl":{"start":{"line":109,"column":4},"end":{"line":109,"column":5}},"loc":{"start":{"line":109,"column":13},"end":{"line":151,"column":5}},"line":109},"13":{"name":"(anonymous_13)","decl":{"start":{"line":125,"column":10},"end":{"line":125,"column":11}},"loc":{"start":{"line":125,"column":19},"end":{"line":128,"column":9}},"line":125},"14":{"name":"(anonymous_14)","decl":{"start":{"line":142,"column":49},"end":{"line":142,"column":50}},"loc":{"start":{"line":142,"column":55},"end":{"line":142,"column":75}},"line":142},"15":{"name":"(anonymous_15)","decl":{"start":{"line":143,"column":41},"end":{"line":143,"column":42}},"loc":{"start":{"line":143,"column":47},"end":{"line":143,"column":67}},"line":143},"16":{"name":"(anonymous_16)","decl":{"start":{"line":144,"column":41},"end":{"line":144,"column":42}},"loc":{"start":{"line":144,"column":47},"end":{"line":144,"column":67}},"line":144},"17":{"name":"(anonymous_17)","decl":{"start":{"line":145,"column":41},"end":{"line":145,"column":42}},"loc":{"start":{"line":145,"column":47},"end":{"line":145,"column":68}},"line":145},"18":{"name":"(anonymous_18)","decl":{"start":{"line":146,"column":41},"end":{"line":146,"column":42}},"loc":{"start":{"line":146,"column":47},"end":{"line":146,"column":67}},"line":146},"19":{"name":"(anonymous_19)","decl":{"start":{"line":147,"column":41},"end":{"line":147,"column":42}},"loc":{"start":{"line":147,"column":47},"end":{"line":147,"column":68}},"line":147}},"branchMap":{"0":{"loc":{"start":{"line":29,"column":16},"end":{"line":31,"column":17}},"type":"if","locations":[{"start":{"line":29,"column":16},"end":{"line":31,"column":17}},{"start":{"line":29,"column":16},"end":{"line":31,"column":17}}],"line":29},"1":{"loc":{"start":{"line":50,"column":8},"end":{"line":52,"column":9}},"type":"if","locations":[{"start":{"line":50,"column":8},"end":{"line":52,"column":9}},{"start":{"line":50,"column":8},"end":{"line":52,"column":9}}],"line":50},"2":{"loc":{"start":{"line":55,"column":8},"end":{"line":102,"column":9}},"type":"switch","locations":[{"start":{"line":56,"column":12},"end":{"line":60,"column":22}},{"start":{"line":61,"column":12},"end":{"line":68,"column":22}},{"start":{"line":69,"column":12},"end":{"line":76,"column":22}},{"start":{"line":77,"column":12},"end":{"line":84,"column":22}},{"start":{"line":85,"column":12},"end":{"line":92,"column":22}},{"start":{"line":93,"column":12},"end":{"line":100,"column":22}},{"start":{"line":101,"column":12},"end":{"line":101,"column":20}}],"line":55},"3":{"loc":{"start":{"line":65,"column":27},"end":{"line":66,"column":78}},"type":"binary-expr","locations":[{"start":{"line":65,"column":28},"end":{"line":65,"column":67}},{"start":{"line":66,"column":24},"end":{"line":66,"column":48}},{"start":{"line":66,"column":52},"end":{"line":66,"column":78}}],"line":65},"4":{"loc":{"start":{"line":73,"column":27},"end":{"line":74,"column":79}},"type":"binary-expr","locations":[{"start":{"line":73,"column":28},"end":{"line":73,"column":62}},{"start":{"line":74,"column":24},"end":{"line":74,"column":48}},{"start":{"line":74,"column":52},"end":{"line":74,"column":79}}],"line":73},"5":{"loc":{"start":{"line":81,"column":27},"end":{"line":82,"column":84}},"type":"binary-expr","locations":[{"start":{"line":81,"column":28},"end":{"line":81,"column":62}},{"start":{"line":82,"column":24},"end":{"line":82,"column":48}},{"start":{"line":82,"column":52},"end":{"line":82,"column":84}}],"line":81},"6":{"loc":{"start":{"line":89,"column":27},"end":{"line":90,"column":78}},"type":"binary-expr","locations":[{"start":{"line":89,"column":28},"end":{"line":89,"column":62}},{"start":{"line":89,"column":66},"end":{"line":89,"column":99}},{"start":{"line":90,"column":24},"end":{"line":90,"column":48}},{"start":{"line":90,"column":52},"end":{"line":90,"column":78}}],"line":89},"7":{"loc":{"start":{"line":97,"column":27},"end":{"line":98,"column":78}},"type":"binary-expr","locations":[{"start":{"line":97,"column":28},"end":{"line":97,"column":62}},{"start":{"line":97,"column":66},"end":{"line":97,"column":99}},{"start":{"line":98,"column":24},"end":{"line":98,"column":48}},{"start":{"line":98,"column":52},"end":{"line":98,"column":78}}],"line":97},"8":{"loc":{"start":{"line":125,"column":19},"end":{"line":128,"column":9}},"type":"binary-expr","locations":[{"start":{"line":125,"column":19},"end":{"line":125,"column":32}},{"start":{"line":125,"column":36},"end":{"line":128,"column":9}}],"line":125}},"s":{"0":1,"1":1,"2":1,"3":1,"4":0,"5":0,"6":0,"7":0,"8":0,"9":0,"10":0,"11":0,"12":0,"13":0,"14":0,"15":0,"16":0,"17":0,"18":0,"19":0,"20":0,"21":0,"22":0,"23":0,"24":0,"25":0,"26":0,"27":0,"28":0,"29":0,"30":0,"31":0,"32":0,"33":0,"34":0,"35":0,"36":0,"37":0,"38":0,"39":0,"40":0,"41":0,"42":0,"43":0,"44":0,"45":0,"46":0,"47":0,"48":0,"49":1,"50":1,"51":1,"52":0,"53":1,"54":0,"55":0,"56":0,"57":0,"58":0,"59":0},"f":{"0":1,"1":1,"2":0,"3":0,"4":0,"5":0,"6":0,"7":0,"8":0,"9":0,"10":0,"11":0,"12":1,"13":0,"14":0,"15":0,"16":0,"17":0,"18":0,"19":0},"b":{"0":[0,0],"1":[0,0],"2":[0,0,0,0,0,0,0],"3":[0,0,0],"4":[0,0,0],"5":[0,0,0],"6":[0,0,0,0],"7":[0,0,0,0],"8":[0,0]},"_coverageSchema":"43e27e138ebf9cfc5966b082cf9a028302ed4184","hash":"ac712788583a747dec0cc114b38628304ce09898"}
,"/Users/divyankasalona/Documents/github/FEC/Graph/client/src/Graph.jsx": {"path":"/Users/divyankasalona/Documents/github/FEC/Graph/client/src/Graph.jsx","statementMap":{"0":{"start":{"line":7,"column":8},"end":{"line":7,"column":21}},"1":{"start":{"line":9,"column":24},"end":{"line":9,"column":27}},"2":{"start":{"line":10,"column":25},"end":{"line":10,"column":28}},"3":{"start":{"line":11,"column":21},"end":{"line":11,"column":61}},"4":{"start":{"line":12,"column":20},"end":{"line":12,"column":58}},"5":{"start":{"line":13,"column":21},"end":{"line":13,"column":60}},"6":{"start":{"line":15,"column":8},"end":{"line":15,"column":29}},"7":{"start":{"line":16,"column":8},"end":{"line":16,"column":37}},"8":{"start":{"line":17,"column":8},"end":{"line":17,"column":35}},"9":{"start":{"line":18,"column":8},"end":{"line":18,"column":27}},"10":{"start":{"line":19,"column":8},"end":{"line":19,"column":29}},"11":{"start":{"line":20,"column":8},"end":{"line":20,"column":55}},"12":{"start":{"line":21,"column":8},"end":{"line":21,"column":55}},"13":{"start":{"line":22,"column":8},"end":{"line":22,"column":51}},"14":{"start":{"line":30,"column":16},"end":{"line":30,"column":58}},"15":{"start":{"line":32,"column":16},"end":{"line":32,"column":61}},"16":{"start":{"line":34,"column":19},"end":{"line":34,"column":101}},"17":{"start":{"line":34,"column":45},"end":{"line":34,"column":61}},"18":{"start":{"line":34,"column":81},"end":{"line":34,"column":98}},"19":{"start":{"line":35,"column":8},"end":{"line":35,"column":76}},"20":{"start":{"line":35,"column":58},"end":{"line":35,"column":71}},"21":{"start":{"line":36,"column":8},"end":{"line":36,"column":77}},"22":{"start":{"line":36,"column":58},"end":{"line":36,"column":72}},"23":{"start":{"line":39,"column":8},"end":{"line":39,"column":20}},"24":{"start":{"line":44,"column":18},"end":{"line":44,"column":96}},"25":{"start":{"line":45,"column":16},"end":{"line":45,"column":113}},"26":{"start":{"line":47,"column":16},"end":{"line":47,"column":58}},"27":{"start":{"line":49,"column":16},"end":{"line":49,"column":61}},"28":{"start":{"line":50,"column":8},"end":{"line":50,"column":76}},"29":{"start":{"line":50,"column":58},"end":{"line":50,"column":71}},"30":{"start":{"line":51,"column":8},"end":{"line":51,"column":77}},"31":{"start":{"line":51,"column":58},"end":{"line":51,"column":72}},"32":{"start":{"line":53,"column":19},"end":{"line":53,"column":35}},"33":{"start":{"line":57,"column":25},"end":{"line":57,"column":29}},"34":{"start":{"line":58,"column":8},"end":{"line":58,"column":189}},"35":{"start":{"line":59,"column":8},"end":{"line":59,"column":207}},"36":{"start":{"line":62,"column":20},"end":{"line":64,"column":37}},"37":{"start":{"line":66,"column":8},"end":{"line":69,"column":37}},"38":{"start":{"line":71,"column":8},"end":{"line":74,"column":36}},"39":{"start":{"line":76,"column":8},"end":{"line":77,"column":28}},"40":{"start":{"line":79,"column":8},"end":{"line":81,"column":33}},"41":{"start":{"line":84,"column":12},"end":{"line":91,"column":51}},"42":{"start":{"line":89,"column":42},"end":{"line":89,"column":71}},"43":{"start":{"line":90,"column":41},"end":{"line":90,"column":72}},"44":{"start":{"line":93,"column":29},"end":{"line":93,"column":77}},"45":{"start":{"line":93,"column":55},"end":{"line":93,"column":69}},"46":{"start":{"line":96,"column":27},"end":{"line":96,"column":42}},"47":{"start":{"line":97,"column":27},"end":{"line":97,"column":44}},"48":{"start":{"line":98,"column":25},"end":{"line":98,"column":70}},"49":{"start":{"line":99,"column":20},"end":{"line":99,"column":43}},"50":{"start":{"line":100,"column":21},"end":{"line":100,"column":32}},"51":{"start":{"line":101,"column":21},"end":{"line":101,"column":28}},"52":{"start":{"line":102,"column":20},"end":{"line":102,"column":57}},"53":{"start":{"line":103,"column":16},"end":{"line":103,"column":91}},"54":{"start":{"line":104,"column":16},"end":{"line":104,"column":165}},"55":{"start":{"line":104,"column":55},"end":{"line":104,"column":161}},"56":{"start":{"line":105,"column":16},"end":{"line":105,"column":46}},"57":{"start":{"line":106,"column":16},"end":{"line":106,"column":83}},"58":{"start":{"line":107,"column":16},"end":{"line":107,"column":82}},"59":{"start":{"line":113,"column":8},"end":{"line":113,"column":32}},"60":{"start":{"line":114,"column":8},"end":{"line":114,"column":27}},"61":{"start":{"line":123,"column":8},"end":{"line":128,"column":9}},"62":{"start":{"line":124,"column":12},"end":{"line":124,"column":24}},"63":{"start":{"line":125,"column":15},"end":{"line":128,"column":9}},"64":{"start":{"line":126,"column":12},"end":{"line":126,"column":31}},"65":{"start":{"line":127,"column":12},"end":{"line":127,"column":24}},"66":{"start":{"line":129,"column":8},"end":{"line":129,"column":27}},"67":{"start":{"line":130,"column":8},"end":{"line":130,"column":20}}},"fnMap":{"0":{"name":"(anonymous_0)","decl":{"start":{"line":6,"column":4},"end":{"line":6,"column":5}},"loc":{"start":{"line":6,"column":23},"end":{"line":25,"column":5}},"line":6},"1":{"name":"(anonymous_1)","decl":{"start":{"line":27,"column":4},"end":{"line":27,"column":5}},"loc":{"start":{"line":27,"column":16},"end":{"line":40,"column":5}},"line":27},"2":{"name":"(anonymous_2)","decl":{"start":{"line":34,"column":31},"end":{"line":34,"column":32}},"loc":{"start":{"line":34,"column":43},"end":{"line":34,"column":63}},"line":34},"3":{"name":"(anonymous_3)","decl":{"start":{"line":34,"column":67},"end":{"line":34,"column":68}},"loc":{"start":{"line":34,"column":79},"end":{"line":34,"column":100}},"line":34},"4":{"name":"(anonymous_4)","decl":{"start":{"line":35,"column":44},"end":{"line":35,"column":45}},"loc":{"start":{"line":35,"column":56},"end":{"line":35,"column":73}},"line":35},"5":{"name":"(anonymous_5)","decl":{"start":{"line":36,"column":44},"end":{"line":36,"column":45}},"loc":{"start":{"line":36,"column":56},"end":{"line":36,"column":74}},"line":36},"6":{"name":"(anonymous_6)","decl":{"start":{"line":42,"column":4},"end":{"line":42,"column":5}},"loc":{"start":{"line":42,"column":18},"end":{"line":110,"column":5}},"line":42},"7":{"name":"(anonymous_7)","decl":{"start":{"line":50,"column":44},"end":{"line":50,"column":45}},"loc":{"start":{"line":50,"column":56},"end":{"line":50,"column":73}},"line":50},"8":{"name":"(anonymous_8)","decl":{"start":{"line":51,"column":44},"end":{"line":51,"column":45}},"loc":{"start":{"line":51,"column":56},"end":{"line":51,"column":74}},"line":51},"9":{"name":"(anonymous_9)","decl":{"start":{"line":89,"column":29},"end":{"line":89,"column":30}},"loc":{"start":{"line":89,"column":40},"end":{"line":89,"column":73}},"line":89},"10":{"name":"(anonymous_10)","decl":{"start":{"line":90,"column":28},"end":{"line":90,"column":29}},"loc":{"start":{"line":90,"column":39},"end":{"line":90,"column":74}},"line":90},"11":{"name":"(anonymous_11)","decl":{"start":{"line":93,"column":41},"end":{"line":93,"column":42}},"loc":{"start":{"line":93,"column":53},"end":{"line":93,"column":71}},"line":93},"12":{"name":"mousemove","decl":{"start":{"line":95,"column":21},"end":{"line":95,"column":30}},"loc":{"start":{"line":95,"column":33},"end":{"line":108,"column":13}},"line":95},"13":{"name":"(anonymous_13)","decl":{"start":{"line":104,"column":42},"end":{"line":104,"column":43}},"loc":{"start":{"line":104,"column":53},"end":{"line":104,"column":163}},"line":104},"14":{"name":"(anonymous_14)","decl":{"start":{"line":112,"column":4},"end":{"line":112,"column":5}},"loc":{"start":{"line":112,"column":18},"end":{"line":119,"column":5}},"line":112},"15":{"name":"(anonymous_15)","decl":{"start":{"line":122,"column":4},"end":{"line":122,"column":5}},"loc":{"start":{"line":122,"column":13},"end":{"line":131,"column":5}},"line":122}},"branchMap":{"0":{"loc":{"start":{"line":102,"column":20},"end":{"line":102,"column":57}},"type":"cond-expr","locations":[{"start":{"line":102,"column":50},"end":{"line":102,"column":52}},{"start":{"line":102,"column":55},"end":{"line":102,"column":57}}],"line":102},"1":{"loc":{"start":{"line":104,"column":112},"end":{"line":104,"column":158}},"type":"cond-expr","locations":[{"start":{"line":104,"column":140},"end":{"line":104,"column":148}},{"start":{"line":104,"column":150},"end":{"line":104,"column":158}}],"line":104},"2":{"loc":{"start":{"line":123,"column":8},"end":{"line":128,"column":9}},"type":"if","locations":[{"start":{"line":123,"column":8},"end":{"line":128,"column":9}},{"start":{"line":123,"column":8},"end":{"line":128,"column":9}}],"line":123},"3":{"loc":{"start":{"line":125,"column":15},"end":{"line":128,"column":9}},"type":"if","locations":[{"start":{"line":125,"column":15},"end":{"line":128,"column":9}},{"start":{"line":125,"column":15},"end":{"line":128,"column":9}}],"line":125}},"s":{"0":0,"1":0,"2":0,"3":0,"4":0,"5":0,"6":0,"7":0,"8":0,"9":0,"10":0,"11":0,"12":0,"13":0,"14":0,"15":0,"16":0,"17":0,"18":0,"19":0,"20":0,"21":0,"22":0,"23":0,"24":0,"25":0,"26":0,"27":0,"28":0,"29":0,"30":0,"31":0,"32":0,"33":0,"34":0,"35":0,"36":0,"37":0,"38":0,"39":0,"40":0,"41":0,"42":0,"43":0,"44":0,"45":0,"46":0,"47":0,"48":0,"49":0,"50":0,"51":0,"52":0,"53":0,"54":0,"55":0,"56":0,"57":0,"58":0,"59":0,"60":0,"61":0,"62":0,"63":0,"64":0,"65":0,"66":0,"67":0},"f":{"0":0,"1":0,"2":0,"3":0,"4":0,"5":0,"6":0,"7":0,"8":0,"9":0,"10":0,"11":0,"12":0,"13":0,"14":0,"15":0},"b":{"0":[0,0],"1":[0,0],"2":[0,0],"3":[0,0]},"_coverageSchema":"43e27e138ebf9cfc5966b082cf9a028302ed4184","hash":"a6972047614a2ae1a1b8dc614c405c8a14b3ffd1"}
}
